app/build/outputs/logs/manifest-merger-debug-report.txt
-- Merging decision tree log ---
manifest
ADDED from src\main\AndroidManifest.xml:1:1-329:12
INJECTED from src\main\AndroidManifest.xml:1:1-329:12
INJECTED from src\main\AndroidManifest.xml:1:1-329:12
INJECTED from src\main\AndroidManifest.xml:1:1-329:12
INJECTED from src\main\AndroidManifest.xml:1:1-329:12
INJECTED from src\main\AndroidManifest.xml:1:1-329:12
INJECTED from src\main\AndroidManifest.xml:1:1-329:12
	package
		ADDED from src\main\AndroidManifest.xml:2:5-42
		INJECTED from src\main\AndroidManifest.xml
		INJECTED from src\main\AndroidManifest.xml
	android:versionName
		ADDED from src\main\AndroidManifest.xml:4:5-35
		INJECTED from src\main\AndroidManifest.xml
		INJECTED from src\main\AndroidManifest.xml
	xmlns:android
		ADDED from src\main\AndroidManifest.xml:1:11-69
	android:versionCode
		ADDED from src\main\AndroidManifest.xml:3:5-29
		INJECTED from src\main\AndroidManifest.xml
		INJECTED from src\main\AndroidManifest.xml
uses-permission#android.permission.INTERNET
ADDED from src\main\AndroidManifest.xml:6:5-67
	android:name
		ADDED from src\main\AndroidManifest.xml:6:22-64
uses-permission#android.permission.WRITE_EXTERNAL_STORAGE
ADDED from src\main\AndroidManifest.xml:7:5-81
	android:name
		ADDED from src\main\AndroidManifest.xml:7:22-78
application
ADDED from src\main\AndroidManifest.xml:9:5-327:19
	android:label
		ADDED from src\main\AndroidManifest.xml:13:9-41
	android:icon
		ADDED from src\main\AndroidManifest.xml:12:9-45
	android:allowBackup
		ADDED from src\main\AndroidManifest.xml:11:9-36
	android:theme
		ADDED from src\main\AndroidManifest.xml:14:9-39
	android:name
		ADDED from src\main\AndroidManifest.xml:10:9-28
activity#org.persianpros.mammadalius.Main
ADDED from src\main\AndroidManifest.xml:15:9-24:20
	android:label
		ADDED from src\main\AndroidManifest.xml:18:13-56
	android:configChanges
		ADDED from src\main\AndroidManifest.xml:17:13-74
	android:name
		ADDED from src\main\AndroidManifest.xml:16:13-33
intent-filter#action:name:android.intent.action.MAIN+category:name:android.intent.category.LAUNCHER
ADDED from src\main\AndroidManifest.xml:19:13-23:29
action#android.intent.action.MAIN
ADDED from src\main\AndroidManifest.xml:20:17-69
	android:name
		ADDED from src\main\AndroidManifest.xml:20:25-66
category#android.intent.category.LAUNCHER
ADDED from src\main\AndroidManifest.xml:22:17-77
	android:name
		ADDED from src\main\AndroidManifest.xml:22:27-74
activity#org.persianpros.mammadalius.GrandeurActivity
ADDED from src\main\AndroidManifest.xml:25:9-26:20
	android:name
		ADDED from src\main\AndroidManifest.xml:25:19-51
activity#org.persianpros.mammadalius.AboutDialog
ADDED from src\main\AndroidManifest.xml:27:9-31:20
	android:label
		ADDED from src\main\AndroidManifest.xml:29:13-34
	android:theme
		ADDED from src\main\AndroidManifest.xml:30:13-67
	android:name
		ADDED from src\main\AndroidManifest.xml:28:13-39
activity#org.persianpros.mammadalius.items.I001_ToolsActivity
ADDED from src\main\AndroidManifest.xml:32:9-35:20
	android:label
		ADDED from src\main\AndroidManifest.xml:34:13-34
	android:name
		ADDED from src\main\AndroidManifest.xml:33:13-53
activity#org.persianpros.mammadalius.items.I002_BackupRestoreActivity
ADDED from src\main\AndroidManifest.xml:36:9-39:20
	android:label
		ADDED from src\main\AndroidManifest.xml:38:13-43
	android:name
		ADDED from src\main\AndroidManifest.xml:37:13-61
activity#org.persianpros.mammadalius.items.I003_EmulatorManagerActivity
ADDED from src\main\AndroidManifest.xml:40:9-43:20
	android:label
		ADDED from src\main\AndroidManifest.xml:42:13-45
	android:name
		ADDED from src\main\AndroidManifest.xml:41:13-63
activity#org.persianpros.mammadalius.items.I004_KeysSoftcamDownloaderActivity
ADDED from src\main\AndroidManifest.xml:44:9-47:20
	android:label
		ADDED from src\main\AndroidManifest.xml:46:13-52
	android:name
		ADDED from src\main\AndroidManifest.xml:45:13-69
activity#org.persianpros.mammadalius.items.I005_ChannelsSettingsDownloaderActivity
ADDED from src\main\AndroidManifest.xml:48:9-51:20
	android:label
		ADDED from src\main\AndroidManifest.xml:50:13-57
	android:name
		ADDED from src\main\AndroidManifest.xml:49:13-74
activity#org.persianpros.mammadalius.items.I006_CablesSatellitesXMLDownloaderActivity
ADDED from src\main\AndroidManifest.xml:52:9-55:20
	android:label
		ADDED from src\main\AndroidManifest.xml:54:13-77
	android:name
		ADDED from src\main\AndroidManifest.xml:53:13-77
activity#org.persianpros.mammadalius.items.I007_CleanerActivity
ADDED from src\main\AndroidManifest.xml:56:9-59:20
	android:label
		ADDED from src\main\AndroidManifest.xml:58:13-36
	android:name
		ADDED from src\main\AndroidManifest.xml:57:13-55
activity#org.persianpros.mammadalius.items.I008_InstallerActivity
ADDED from src\main\AndroidManifest.xml:60:9-63:20
	android:label
		ADDED from src\main\AndroidManifest.xml:62:13-38
	android:name
		ADDED from src\main\AndroidManifest.xml:61:13-57
activity#org.persianpros.mammadalius.items.I009_ExtractorConverterActivity
ADDED from src\main\AndroidManifest.xml:64:9-67:20
	android:label
		ADDED from src\main\AndroidManifest.xml:66:13-50
	android:name
		ADDED from src\main\AndroidManifest.xml:65:13-66
activity#org.persianpros.mammadalius.items.I010_SoftwareHardwareInformationActivity
ADDED from src\main\AndroidManifest.xml:68:9-71:20
	android:label
		ADDED from src\main\AndroidManifest.xml:70:13-60
	android:name
		ADDED from src\main\AndroidManifest.xml:69:13-75
activity#org.persianpros.mammadalius.items.I012_PersianEmpireEnigma2ImageActivity
ADDED from src\main\AndroidManifest.xml:72:9-75:20
	android:label
		ADDED from src\main\AndroidManifest.xml:74:13-72
	android:name
		ADDED from src\main\AndroidManifest.xml:73:13-73
activity#org.persianpros.mammadalius.items.I1_01CHMODActivity
ADDED from src\main\AndroidManifest.xml:76:9-79:20
	android:label
		ADDED from src\main\AndroidManifest.xml:78:13-34
	android:name
		ADDED from src\main\AndroidManifest.xml:77:13-53
activity#org.persianpros.mammadalius.items.I1_04PartitionManagerActivity
ADDED from src\main\AndroidManifest.xml:80:9-83:20
	android:label
		ADDED from src\main\AndroidManifest.xml:82:13-46
	android:name
		ADDED from src\main\AndroidManifest.xml:81:13-64
activity#org.persianpros.mammadalius.items.I1_04_3FormatUSBActivity
ADDED from src\main\AndroidManifest.xml:84:9-87:20
	android:label
		ADDED from src\main\AndroidManifest.xml:86:13-39
	android:name
		ADDED from src\main\AndroidManifest.xml:85:13-59
activity#org.persianpros.mammadalius.items.I1_04_4FormatHDDActivity
ADDED from src\main\AndroidManifest.xml:88:9-91:20
	android:label
		ADDED from src\main\AndroidManifest.xml:90:13-39
	android:name
		ADDED from src\main\AndroidManifest.xml:89:13-59
activity#org.persianpros.mammadalius.items.I1_06IPKServerManagerActivity
ADDED from src\main\AndroidManifest.xml:92:9-95:20
	android:label
		ADDED from src\main\AndroidManifest.xml:94:13-47
	android:name
		ADDED from src\main\AndroidManifest.xml:93:13-64
activity#org.persianpros.mammadalius.items.I1_07PiconPathManagerActivity
ADDED from src\main\AndroidManifest.xml:96:9-99:20
	android:label
		ADDED from src\main\AndroidManifest.xml:98:13-47
	android:name
		ADDED from src\main\AndroidManifest.xml:97:13-64
activity#org.persianpros.mammadalius.items.I1_08PluginPathManagerActivity
ADDED from src\main\AndroidManifest.xml:100:9-103:20
	android:label
		ADDED from src\main\AndroidManifest.xml:102:13-48
	android:name
		ADDED from src\main\AndroidManifest.xml:101:13-65
activity#org.persianpros.mammadalius.items.I1_09TimeshiftPathManagerActivity
ADDED from src\main\AndroidManifest.xml:104:9-107:20
	android:label
		ADDED from src\main\AndroidManifest.xml:106:13-51
	android:name
		ADDED from src\main\AndroidManifest.xml:105:13-68
activity#org.persianpros.mammadalius.items.I1_10MACAddressChangerActivity
ADDED from src\main\AndroidManifest.xml:108:9-111:20
	android:label
		ADDED from src\main\AndroidManifest.xml:110:13-48
	android:name
		ADDED from src\main\AndroidManifest.xml:109:13-65
activity#org.persianpros.mammadalius.items.I2_1PluginActivity
ADDED from src\main\AndroidManifest.xml:112:9-115:20
	android:label
		ADDED from src\main\AndroidManifest.xml:114:13-35
	android:name
		ADDED from src\main\AndroidManifest.xml:113:13-53
activity#org.persianpros.mammadalius.items.I2_2SkinPiconActivity
ADDED from src\main\AndroidManifest.xml:116:9-119:20
	android:label
		ADDED from src\main\AndroidManifest.xml:118:13-39
	android:name
		ADDED from src\main\AndroidManifest.xml:117:13-56
activity#org.persianpros.mammadalius.items.I2_3CCcamSettingsActivity
ADDED from src\main\AndroidManifest.xml:120:9-123:20
	android:label
		ADDED from src\main\AndroidManifest.xml:122:13-43
	android:name
		ADDED from src\main\AndroidManifest.xml:121:13-60
activity#org.persianpros.mammadalius.items.I2_4Enigma2SettingsActivity
ADDED from src\main\AndroidManifest.xml:124:9-127:20
	android:label
		ADDED from src\main\AndroidManifest.xml:126:13-45
	android:name
		ADDED from src\main\AndroidManifest.xml:125:13-62
activity#org.persianpros.mammadalius.items.I2_8DropboxActivity
ADDED from src\main\AndroidManifest.xml:128:9-131:20
	android:label
		ADDED from src\main\AndroidManifest.xml:130:13-58
	android:name
		ADDED from src\main\AndroidManifest.xml:129:13-54
activity#org.persianpros.mammadalius.items.I2_8_1SetupDropBoxAccountActivity
ADDED from src\main\AndroidManifest.xml:132:9-135:20
	android:label
		ADDED from src\main\AndroidManifest.xml:134:13-50
	android:name
		ADDED from src\main\AndroidManifest.xml:133:13-68
activity#org.persianpros.mammadalius.items.I2_8_2UseDropBoxActivity
ADDED from src\main\AndroidManifest.xml:136:9-139:20
	android:label
		ADDED from src\main\AndroidManifest.xml:138:13-40
	android:name
		ADDED from src\main\AndroidManifest.xml:137:13-59
activity#org.persianpros.mammadalius.items.I3_1OldCamsActivity
ADDED from src\main\AndroidManifest.xml:140:9-143:20
	android:label
		ADDED from src\main\AndroidManifest.xml:142:13-37
	android:name
		ADDED from src\main\AndroidManifest.xml:141:13-54
activity#org.persianpros.mammadalius.items.I3_1_1RqCamsActivity
ADDED from src\main\AndroidManifest.xml:144:9-147:20
	android:label
		ADDED from src\main\AndroidManifest.xml:146:13-36
	android:name
		ADDED from src\main\AndroidManifest.xml:145:13-55
activity#org.persianpros.mammadalius.items.I3_2MultiCamsActivity
ADDED from src\main\AndroidManifest.xml:148:9-151:20
	android:label
		ADDED from src\main\AndroidManifest.xml:150:13-39
	android:name
		ADDED from src\main\AndroidManifest.xml:149:13-56
activity#org.persianpros.mammadalius.items.I3_2_3SBoxActivity
ADDED from src\main\AndroidManifest.xml:152:9-155:20
	android:label
		ADDED from src\main\AndroidManifest.xml:154:13-58
	android:name
		ADDED from src\main\AndroidManifest.xml:153:13-53
activity#org.persianpros.mammadalius.items.I3_2_4OSCamActivity
ADDED from src\main\AndroidManifest.xml:156:9-159:20
	android:label
		ADDED from src\main\AndroidManifest.xml:158:13-65
	android:name
		ADDED from src\main\AndroidManifest.xml:157:13-54
activity#org.persianpros.mammadalius.items.I3_2_4n_DOSCamActivity
ADDED from src\main\AndroidManifest.xml:160:9-163:20
	android:label
		ADDED from src\main\AndroidManifest.xml:162:13-66
	android:name
		ADDED from src\main\AndroidManifest.xml:161:13-57
activity#org.persianpros.mammadalius.items.I3_2_5OSCamYModActivity
ADDED from src\main\AndroidManifest.xml:164:9-167:20
	android:label
		ADDED from src\main\AndroidManifest.xml:166:13-70
	android:name
		ADDED from src\main\AndroidManifest.xml:165:13-58
activity#org.persianpros.mammadalius.items.I3_2_6OSCamHDSCActivity
ADDED from src\main\AndroidManifest.xml:168:10-171:20
	android:label
		ADDED from src\main\AndroidManifest.xml:170:13-70
	android:name
		ADDED from src\main\AndroidManifest.xml:169:13-58
activity#org.persianpros.mammadalius.items.I3_2_6NewCSActivity
ADDED from src\main\AndroidManifest.xml:172:9-175:20
	android:label
		ADDED from src\main\AndroidManifest.xml:174:13-82
	android:name
		ADDED from src\main\AndroidManifest.xml:173:13-54
activity#org.persianpros.mammadalius.items.I3_3GBoxCamsActivity
ADDED from src\main\AndroidManifest.xml:176:9-179:20
	android:label
		ADDED from src\main\AndroidManifest.xml:178:13-38
	android:name
		ADDED from src\main\AndroidManifest.xml:177:13-55
activity#org.persianpros.mammadalius.items.I3_4SingleCamsActivity
ADDED from src\main\AndroidManifest.xml:180:9-183:20
	android:label
		ADDED from src\main\AndroidManifest.xml:182:13-40
	android:name
		ADDED from src\main\AndroidManifest.xml:181:13-57
activity#org.persianpros.mammadalius.items.I3_5OriginalCamsActivity
ADDED from src\main\AndroidManifest.xml:184:9-187:20
	android:label
		ADDED from src\main\AndroidManifest.xml:186:13-42
	android:name
		ADDED from src\main\AndroidManifest.xml:185:13-59
activity#org.persianpros.mammadalius.items.I3_6TwinCamsActivity
ADDED from src\main\AndroidManifest.xml:188:9-191:20
	android:label
		ADDED from src\main\AndroidManifest.xml:190:13-38
	android:name
		ADDED from src\main\AndroidManifest.xml:189:13-55
activity#org.persianpros.mammadalius.items.I4_03KeysDownloaderActivity
ADDED from src\main\AndroidManifest.xml:192:9-195:20
	android:label
		ADDED from src\main\AndroidManifest.xml:194:13-44
	android:name
		ADDED from src\main\AndroidManifest.xml:193:13-62
activity#org.persianpros.mammadalius.items.I4_03_2MiniCatActivity
ADDED from src\main\AndroidManifest.xml:196:9-199:20
	android:label
		ADDED from src\main\AndroidManifest.xml:198:13-37
	android:name
		ADDED from src\main\AndroidManifest.xml:197:13-57
activity#org.persianpros.mammadalius.items.I4_04SoftCamDownloaderActivity
ADDED from src\main\AndroidManifest.xml:200:9-203:20
	android:label
		ADDED from src\main\AndroidManifest.xml:202:13-47
	android:name
		ADDED from src\main\AndroidManifest.xml:201:13-65
activity#org.persianpros.mammadalius.items.I4_05CCcamFilesDownloaderActivity
ADDED from src\main\AndroidManifest.xml:204:9-207:20
	android:label
		ADDED from src\main\AndroidManifest.xml:206:13-51
	android:name
		ADDED from src\main\AndroidManifest.xml:205:13-68
activity#org.persianpros.mammadalius.items.I4_06CCcamChannelInfoConverterActivity
ADDED from src\main\AndroidManifest.xml:208:9-211:20
	android:label
		ADDED from src\main\AndroidManifest.xml:210:13-71
	android:name
		ADDED from src\main\AndroidManifest.xml:209:13-73
activity#org.persianpros.mammadalius.items.I4_07SatAngelesKeysActivity
ADDED from src\main\AndroidManifest.xml:212:9-215:20
	android:label
		ADDED from src\main\AndroidManifest.xml:214:13-44
	android:name
		ADDED from src\main\AndroidManifest.xml:213:13-62
activity#org.persianpros.mammadalius.items.I4_07KeysSoftCamConverterActivity
ADDED from src\main\AndroidManifest.xml:216:9-219:20
	android:label
		ADDED from src\main\AndroidManifest.xml:218:13-75
	android:name
		ADDED from src\main\AndroidManifest.xml:217:13-68
activity#org.persianpros.mammadalius.items.I5_2OldSettingsActivity
ADDED from src\main\AndroidManifest.xml:220:9-223:20
	android:label
		ADDED from src\main\AndroidManifest.xml:222:13-41
	android:name
		ADDED from src\main\AndroidManifest.xml:221:13-58
activity#org.persianpros.mammadalius.items.I5_3NewSettingsActivity
ADDED from src\main\AndroidManifest.xml:224:9-227:20
	android:label
		ADDED from src\main\AndroidManifest.xml:226:13-41
	android:name
		ADDED from src\main\AndroidManifest.xml:225:13-58
activity#org.persianpros.mammadalius.items.I5_4RemoveChannelsSettingsActivity
ADDED from src\main\AndroidManifest.xml:228:9-231:20
	android:label
		ADDED from src\main\AndroidManifest.xml:230:13-53
	android:name
		ADDED from src\main\AndroidManifest.xml:229:13-69
activity#org.persianpros.mammadalius.items.I5_5AddOnlinePersianChannelsActivity
ADDED from src\main\AndroidManifest.xml:232:9-235:20
	android:label
		ADDED from src\main\AndroidManifest.xml:234:13-67
	android:name
		ADDED from src\main\AndroidManifest.xml:233:13-71
activity#org.persianpros.mammadalius.items.I6_1CablesXMLDVBCActivity
ADDED from src\main\AndroidManifest.xml:236:9-239:20
	android:label
		ADDED from src\main\AndroidManifest.xml:238:13-47
	android:name
		ADDED from src\main\AndroidManifest.xml:237:13-60
activity#org.persianpros.mammadalius.items.I6_2SatellitesXMLDVBSActivity
ADDED from src\main\AndroidManifest.xml:240:9-243:20
	android:label
		ADDED from src\main\AndroidManifest.xml:242:13-51
	android:name
		ADDED from src\main\AndroidManifest.xml:241:13-64
activity#org.persianpros.mammadalius.items.I6_3TerrestrialXMLDVBTActivity
ADDED from src\main\AndroidManifest.xml:244:9-247:20
	android:label
		ADDED from src\main\AndroidManifest.xml:246:13-52
	android:name
		ADDED from src\main\AndroidManifest.xml:245:13-65
activity#org.persianpros.mammadalius.items.I10_1SoftwareInformationActivity
ADDED from src\main\AndroidManifest.xml:248:9-251:20
	android:label
		ADDED from src\main\AndroidManifest.xml:250:13-49
	android:name
		ADDED from src\main\AndroidManifest.xml:249:13-67
activity#org.persianpros.mammadalius.items.I10_1_12InstalledPackagesInformationActivity
ADDED from src\main\AndroidManifest.xml:252:9-255:20
	android:label
		ADDED from src\main\AndroidManifest.xml:254:13-59
	android:name
		ADDED from src\main\AndroidManifest.xml:253:13-79
activity#org.persianpros.mammadalius.items.I10_2HardwareInformationActivity
ADDED from src\main\AndroidManifest.xml:256:9-259:20
	android:label
		ADDED from src\main\AndroidManifest.xml:258:13-49
	android:name
		ADDED from src\main\AndroidManifest.xml:257:13-67
activity#org.persianpros.mammadalius.items.I10_2_8HDDPerformanceActivity
ADDED from src\main\AndroidManifest.xml:260:9-263:20
	android:label
		ADDED from src\main\AndroidManifest.xml:262:13-44
	android:name
		ADDED from src\main\AndroidManifest.xml:261:13-64
activity#org.persianpros.mammadalius.items.I10_2_9InternetPerformanceActivity
ADDED from src\main\AndroidManifest.xml:264:9-267:20
	android:label
		ADDED from src\main\AndroidManifest.xml:266:13-49
	android:name
		ADDED from src\main\AndroidManifest.xml:265:13-69
activity#org.persianpros.mammadalius.items.I10_2_10SpeedTestActivity
ADDED from src\main\AndroidManifest.xml:268:9-271:20
	android:label
		ADDED from src\main\AndroidManifest.xml:270:13-60
	android:name
		ADDED from src\main\AndroidManifest.xml:269:13-60
activity#org.persianpros.mammadalius.items.I011_FontChangerActivity
ADDED from src\main\AndroidManifest.xml:272:9-275:20
	android:label
		ADDED from src\main\AndroidManifest.xml:274:13-41
	android:name
		ADDED from src\main\AndroidManifest.xml:273:13-59
activity#org.persianpros.mammadalius.items.I12_4DefaultChannelsAudioConfigurationActivity
ADDED from src\main\AndroidManifest.xml:276:9-279:20
	android:label
		ADDED from src\main\AndroidManifest.xml:278:13-65
	android:name
		ADDED from src\main\AndroidManifest.xml:277:13-81
activity#org.persianpros.mammadalius.BissKeyAdderActivity
ADDED from src\main\AndroidManifest.xml:280:9-284:20
	android:label
		ADDED from src\main\AndroidManifest.xml:282:13-43
	android:theme
		ADDED from src\main\AndroidManifest.xml:283:13-67
	android:name
		ADDED from src\main\AndroidManifest.xml:281:13-48
activity#org.persianpros.mammadalius.SharedPrefs
ADDED from src\main\AndroidManifest.xml:285:9-289:20
	android:label
		ADDED from src\main\AndroidManifest.xml:287:13-37
	android:theme
		ADDED from src\main\AndroidManifest.xml:288:13-54
	android:name
		ADDED from src\main\AndroidManifest.xml:286:13-39
activity#org.persianpros.mammadalius.ResultDialog
ADDED from src\main\AndroidManifest.xml:290:9-293:20
	android:theme
		ADDED from src\main\AndroidManifest.xml:292:13-67
	android:name
		ADDED from src\main\AndroidManifest.xml:291:13-40
activity#org.persianpros.mammadalius.DropboxConfirmDialog
ADDED from src\main\AndroidManifest.xml:294:9-298:20
	android:label
		ADDED from src\main\AndroidManifest.xml:296:13-36
	android:theme
		ADDED from src\main\AndroidManifest.xml:297:13-54
	android:name
		ADDED from src\main\AndroidManifest.xml:295:13-48
activity#org.persianpros.mammadalius.GetPathActivity
ADDED from src\main\AndroidManifest.xml:299:9-302:20
	android:theme
		ADDED from src\main\AndroidManifest.xml:301:13-67
	android:name
		ADDED from src\main\AndroidManifest.xml:300:13-43
activity#org.persianpros.mammadalius.GetInputActivity
ADDED from src\main\AndroidManifest.xml:303:9-306:20
	android:theme
		ADDED from src\main\AndroidManifest.xml:305:13-67
	android:name
		ADDED from src\main\AndroidManifest.xml:304:13-44
activity#org.persianpros.mammadalius.items.I12_05PIDActivity
ADDED from src\main\AndroidManifest.xml:307:9-310:20
	android:label
		ADDED from src\main\AndroidManifest.xml:309:13-66
	android:name
		ADDED from src\main\AndroidManifest.xml:308:13-52
activity#org.persianpros.mammadalius.items.I12_7VPNActivity
ADDED from src\main\AndroidManifest.xml:311:9-314:20
	android:label
		ADDED from src\main\AndroidManifest.xml:313:13-63
	android:name
		ADDED from src\main\AndroidManifest.xml:312:13-51
activity#org.persianpros.mammadalius.items.I12_8TakeHighQualityScreenshotActivity
ADDED from src\main\AndroidManifest.xml:315:9-318:20
	android:label
		ADDED from src\main\AndroidManifest.xml:317:13-57
	android:name
		ADDED from src\main\AndroidManifest.xml:316:13-73
activity#org.persianpros.mammadalius.ClineActivity
ADDED from src\main\AndroidManifest.xml:319:9-322:20
	android:theme
		ADDED from src\main\AndroidManifest.xml:321:13-67
	android:name
		ADDED from src\main\AndroidManifest.xml:320:13-41
activity#org.persianpros.mammadalius.VPNActivity
ADDED from src\main\AndroidManifest.xml:323:9-326:20
	android:theme
		ADDED from src\main\AndroidManifest.xml:325:13-67
	android:name
		ADDED from src\main\AndroidManifest.xml:324:13-39
uses-sdk
INJECTED from src\main\AndroidManifest.xml reason: use-sdk injection requested
INJECTED from src\main\AndroidManifest.xml
INJECTED from src\main\AndroidManifest.xml
INJECTED from src\main\AndroidManifest.xml
INJECTED from src\main\AndroidManifest.xml
	android:targetSdkVersion
		INJECTED from src\main\AndroidManifest.xml
		ADDED from src\main\AndroidManifest.xml
		INJECTED from src\main\AndroidManifest.xml
	android:minSdkVersion
		INJECTED from src\main\AndroidManifest.xml
		ADDED from src\main\AndroidManifest.xml
		INJECTED from src\main\AndroidManifest.xml